# JRE version: Java(TM) SE Runtime Environment (8.0_111-b14) (build 1.8.0_111-b14)
# Java VM: Java HotSpot(TM) 64-Bit Server VM (25.111-b14 mixed mode windows-amd64 compressed oops)
Heap:
 PSYoungGen      total 37888K, used 6918K [0x00000000d5f80000, 0x00000000d9a80000, 0x0000000100000000)
  eden space 32768K, 5% used [0x00000000d5f80000,0x00000000d6146f18,0x00000000d7f80000)
  from space 5120K, 99% used [0x00000000d8000000,0x00000000d84fac70,0x00000000d8500000)
  to   space 13824K, 0% used [0x00000000d8d00000,0x00000000d8d00000,0x00000000d9a80000)
 ParOldGen       total 87552K, used 17380K [0x0000000081e00000, 0x0000000087380000, 0x00000000d5f80000)
  object space 87552K, 19% used [0x0000000081e00000,0x0000000082ef9078,0x0000000087380000)
 Metaspace       used 20113K, capacity 20292K, committed 20608K, reserved 1067008K
  class space    used 2565K, capacity 2638K, committed 2688K, reserved 1048576K
GC Heap History (10 events):
Event: 12.834 GC heap before
{Heap before GC invocations=1 (full 0):
 PSYoungGen      total 38400K, used 32546K [0x00000000d5f80000, 0x00000000d8a00000, 0x0000000100000000)
  eden space 33280K, 97% used [0x00000000d5f80000,0x00000000d7f488a0,0x00000000d8000000)
  from space 5120K, 0% used [0x00000000d8500000,0x00000000d8500000,0x00000000d8a00000)
  to   space 5120K, 0% used [0x00000000d8000000,0x00000000d8000000,0x00000000d8500000)
 ParOldGen       total 87552K, used 0K [0x0000000081e00000, 0x0000000087380000, 0x00000000d5f80000)
  object space 87552K, 0% used [0x0000000081e00000,0x0000000081e00000,0x0000000087380000)
 Metaspace       used 19703K, capacity 19902K, committed 20096K, reserved 1067008K
  class space    used 2559K, capacity 2637K, committed 2688K, reserved 1048576K
Event: 12.855 GC heap after
Heap after GC invocations=1 (full 0):
 PSYoungGen      total 38400K, used 5092K [0x00000000d5f80000, 0x00000000d8a00000, 0x0000000100000000)
  eden space 33280K, 0% used [0x00000000d5f80000,0x00000000d5f80000,0x00000000d8000000)
  from space 5120K, 99% used [0x00000000d8000000,0x00000000d84f9010,0x00000000d8500000)
  to   space 5120K, 0% used [0x00000000d8500000,0x00000000d8500000,0x00000000d8a00000)
 ParOldGen       total 87552K, used 8200K [0x0000000081e00000, 0x0000000087380000, 0x00000000d5f80000)
  object space 87552K, 9% used [0x0000000081e00000,0x0000000082602040,0x0000000087380000)
 Metaspace       used 19703K, capacity 19902K, committed 20096K, reserved 1067008K
  class space    used 2559K, capacity 2637K, committed 2688K, reserved 1048576K
}
Event: 16.691 GC heap before
{Heap before GC invocations=2 (full 0):
 PSYoungGen      total 38400K, used 38102K [0x00000000d5f80000, 0x00000000d8a00000, 0x0000000100000000)
  eden space 33280K, 99% used [0x00000000d5f80000,0x00000000d7fbcb78,0x00000000d8000000)
  from space 5120K, 99% used [0x00000000d8000000,0x00000000d84f9010,0x00000000d8500000)
  to   space 5120K, 0% used [0x00000000d8500000,0x00000000d8500000,0x00000000d8a00000)
 ParOldGen       total 87552K, used 8200K [0x0000000081e00000, 0x0000000087380000, 0x00000000d5f80000)
  object space 87552K, 9% used [0x0000000081e00000,0x0000000082602040,0x0000000087380000)
 Metaspace       used 19805K, capacity 20030K, committed 20352K, reserved 1067008K
  class space    used 2560K, capacity 2637K, committed 2688K, reserved 1048576K
Event: 16.720 GC heap after
Heap after GC invocations=2 (full 0):
 PSYoungGen      total 38400K, used 5099K [0x00000000d5f80000, 0x00000000d8a00000, 0x0000000100000000)
  eden space 33280K, 0% used [0x00000000d5f80000,0x00000000d5f80000,0x00000000d8000000)
  from space 5120K, 99% used [0x00000000d8500000,0x00000000d89fac70,0x00000000d8a00000)
  to   space 5120K, 0% used [0x00000000d8000000,0x00000000d8000000,0x00000000d8500000)
 ParOldGen       total 87552K, used 11595K [0x0000000081e00000, 0x0000000087380000, 0x00000000d5f80000)
  object space 87552K, 13% used [0x0000000081e00000,0x0000000082952c48,0x0000000087380000)
 Metaspace       used 19805K, capacity 20030K, committed 20352K, reserved 1067008K
  class space    used 2560K, capacity 2637K, committed 2688K, reserved 1048576K
}
Event: 21.348 GC heap before
{Heap before GC invocations=3 (full 0):
 PSYoungGen      total 38400K, used 38145K [0x00000000d5f80000, 0x00000000d8a00000, 0x0000000100000000)
  eden space 33280K, 99% used [0x00000000d5f80000,0x00000000d7fc5948,0x00000000d8000000)
  from space 5120K, 99% used [0x00000000d8500000,0x00000000d89fac70,0x00000000d8a00000)
  to   space 5120K, 0% used [0x00000000d8000000,0x00000000d8000000,0x00000000d8500000)
 ParOldGen       total 87552K, used 11595K [0x0000000081e00000, 0x0000000087380000, 0x00000000d5f80000)
  object space 87552K, 13% used [0x0000000081e00000,0x0000000082952c48,0x0000000087380000)
 Metaspace       used 19835K, capacity 20030K, committed 20352K, reserved 1067008K
  class space    used 2560K, capacity 2637K, committed 2688K, reserved 1048576K
Event: 21.363 GC heap after
Heap after GC invocations=3 (full 0):
 PSYoungGen      total 38400K, used 4795K [0x00000000d5f80000, 0x00000000d8a00000, 0x0000000100000000)
  eden space 33280K, 0% used [0x00000000d5f80000,0x00000000d5f80000,0x00000000d8000000)
  from space 5120K, 93% used [0x00000000d8000000,0x00000000d84aec70,0x00000000d8500000)
  to   space 5120K, 0% used [0x00000000d8500000,0x00000000d8500000,0x00000000d8a00000)
 ParOldGen       total 87552K, used 15495K [0x0000000081e00000, 0x0000000087380000, 0x00000000d5f80000)
  object space 87552K, 17% used [0x0000000081e00000,0x0000000082d21c78,0x0000000087380000)
 Metaspace       used 19835K, capacity 20030K, committed 20352K, reserved 1067008K
  class space    used 2560K, capacity 2637K, committed 2688K, reserved 1048576K
}
Event: 25.886 GC heap before
{Heap before GC invocations=4 (full 0):
 PSYoungGen      total 38400K, used 36835K [0x00000000d5f80000, 0x00000000d8a00000, 0x0000000100000000)
  eden space 33280K, 96% used [0x00000000d5f80000,0x00000000d7eca030,0x00000000d8000000)
  from space 5120K, 93% used [0x00000000d8000000,0x00000000d84aec70,0x00000000d8500000)
  to   space 5120K, 0% used [0x00000000d8500000,0x00000000d8500000,0x00000000d8a00000)
 ParOldGen       total 87552K, used 15495K [0x0000000081e00000, 0x0000000087380000, 0x00000000d5f80000)
  object space 87552K, 17% used [0x0000000081e00000,0x0000000082d21c78,0x0000000087380000)
 Metaspace       used 19972K, capacity 20222K, committed 20608K, reserved 1067008K
  class space    used 2560K, capacity 2637K, committed 2688K, reserved 1048576K
Event: 25.906 GC heap after
Heap after GC invocations=4 (full 0):
 PSYoungGen      total 38400K, used 4827K [0x00000000d5f80000, 0x00000000d8a00000, 0x0000000100000000)
  eden space 33280K, 0% used [0x00000000d5f80000,0x00000000d5f80000,0x00000000d8000000)
  from space 5120K, 94% used [0x00000000d8500000,0x00000000d89b6c70,0x00000000d8a00000)
  to   space 5120K, 0% used [0x00000000d8000000,0x00000000d8000000,0x00000000d8500000)
 ParOldGen       total 87552K, used 15495K [0x0000000081e00000, 0x0000000087380000, 0x00000000d5f80000)
  object space 87552K, 17% used [0x0000000081e00000,0x0000000082d21c78,0x0000000087380000)
 Metaspace       used 19972K, capacity 20222K, committed 20608K, reserved 1067008K
  class space    used 2560K, capacity 2637K, committed 2688K, reserved 1048576K
}
Event: 29.604 GC heap before
{Heap before GC invocations=5 (full 0):
 PSYoungGen      total 38400K, used 37929K [0x00000000d5f80000, 0x00000000d8a00000, 0x0000000100000000)
  eden space 33280K, 99% used [0x00000000d5f80000,0x00000000d7fd3a60,0x00000000d8000000)
  from space 5120K, 94% used [0x00000000d8500000,0x00000000d89b6c70,0x00000000d8a00000)
  to   space 5120K, 0% used [0x00000000d8000000,0x00000000d8000000,0x00000000d8500000)
 ParOldGen       total 87552K, used 15495K [0x0000000081e00000, 0x0000000087380000, 0x00000000d5f80000)
  object space 87552K, 17% used [0x0000000081e00000,0x0000000082d21c78,0x0000000087380000)
 Metaspace       used 20111K, capacity 20292K, committed 20608K, reserved 1067008K
  class space    used 2565K, capacity 2638K, committed 2688K, reserved 1048576K
Event: 29.618 GC heap after
Heap after GC invocations=5 (full 0):
 PSYoungGen      total 37888K, used 5099K [0x00000000d5f80000, 0x00000000d9a80000, 0x0000000100000000)
  eden space 32768K, 0% used [0x00000000d5f80000,0x00000000d5f80000,0x00000000d7f80000)
  from space 5120K, 99% used [0x00000000d8000000,0x00000000d84fac70,0x00000000d8500000)
  to   space 13824K, 0% used [0x00000000d8d00000,0x00000000d8d00000,0x00000000d9a80000)
 ParOldGen       total 87552K, used 17380K [0x0000000081e00000, 0x0000000087380000, 0x00000000d5f80000)
  object space 87552K, 19% used [0x0000000081e00000,0x0000000082ef9078,0x0000000087380000)
 Metaspace       used 20111K, capacity 20292K, committed 20608K, reserved 1067008K
  class space    used 2565K, capacity 2638K, committed 2688K, reserved 1048576K
}

